Arguments: 
  C:\Program Files\nodejs\node.exe C:\Users\phong\AppData\Roaming\npm\node_modules\yarn\bin\yarn.js

PATH: 
  C:\WINDOWS\system32;C:\WINDOWS;C:\WINDOWS\System32\Wbem;C:\WINDOWS\System32\WindowsPowerShell\v1.0\;C:\WINDOWS\System32\OpenSSH\;C:\Program Files\Git\cmd;C:\Program Files\Microsoft SQL Server\150\Tools\Binn\;C:\Program Files\dotnet\;C:\Program Files\nodejs\;C:\Users\phong\AppData\Local\Microsoft\WindowsApps;;C:\Users\phong\AppData\Local\Programs\Microsoft VS Code\bin;C:\Users\phong\.dotnet\tools;C:\Users\phong\AppData\Roaming\npm;C:\Users\phong\AppData\Local\Programs\mongosh\

Yarn version: 
  1.22.18

Node version: 
  16.14.2

Platform: 
  win32 x64

Trace: 
  SyntaxError: C:\Users\phong\Documents\coding\reactnative\gos-mobile\package.json: Unexpected string in JSON at position 1389
      at JSON.parse (<anonymous>)
      at C:\Users\phong\AppData\Roaming\npm\node_modules\yarn\lib\cli.js:1625:59
      at Generator.next (<anonymous>)
      at step (C:\Users\phong\AppData\Roaming\npm\node_modules\yarn\lib\cli.js:310:30)
      at C:\Users\phong\AppData\Roaming\npm\node_modules\yarn\lib\cli.js:321:13

npm manifest: 
  {
  	"name": "gos-mobile",
  	"version": "1.0.0",
  	"main": "node_modules/expo/AppEntry.js",
  	"scripts": {
  		"start": "expo start",
  		"android": "expo start --android",
  		"ios": "expo start --ios",
  		"web": "expo start --web",
  		"eject": "expo eject",
  		"test": "jest --watchAll"
  	},
  	"jest": {
  		"preset": "jest-expo"
  	},
  	"dependencies": {
  		"@expo/vector-icons": "^12.0.0",
  		"@react-navigation/bottom-tabs": "^6.0.5",
  		"@react-navigation/native": "^6.0.2",
  		"@react-navigation/native-stack": "^6.1.0",
  		"@reduxjs/toolkit": "^1.8.1",
  		"expo": "~44.0.0",
  		"expo-asset": "~8.4.4",
  		"expo-auth-session": "^3.5.0",
  		"expo-constants": "~13.0.0",
  		"expo-font": "~10.0.4",
  		"expo-image-picker": "~12.0.1",
  		"expo-linking": "~3.0.0",
  		"expo-random": "^12.1.2",
  		"expo-splash-screen": "~0.14.0",
  		"expo-status-bar": "~1.2.0",
  		"expo-web-browser": "~10.1.0",
  		"firebase": "^9.6.11",
  		"react": "17.0.1",
  		"react-dom": "17.0.1",
  		"react-native": "0.64.3",
  		"react-native-dotenv": "^3.3.1",
  		"react-native-elements": "^3.4.2",
  		"react-native-floating-label-input": "^1.3.13",
  		"react-native-google-places-autocomplete": "^2.4.1",
  		"react-native-maps": "0.29.4",
  		"react-native-reanimated": "~2.3.1",
  		"react-native-safe-area-context": "3.3.2",
  		"react-native-screens": "~3.10.1",
  		"react-native-switch-selector": "^2.2.0",
  		"react-native-web": "0.17.1",
  		"twrnc": "^3.0.3"
  		"react-redux": "^7.2.8",
  		"tailwind-rn": "^4.2.0"
  	},
  	"devDependencies": {
  		"@babel/core": "^7.12.9",
  		"@types/react": "~17.0.21",
  		"@types/react-native": "~0.64.12",
  		"jest": "^26.6.3",
  		"jest-expo": "~44.0.1",
  		"react-test-renderer": "17.0.1",
  		"typescript": "~4.3.5"
  	},
  	"private": true
  }

yarn manifest: 
  No manifest

Lockfile: 
  No lockfile
